<?xml version="1.0" encoding="UTF-8"?>
<!-- Generated by org.testng.reporters.JUnitReportReporter -->
<testsuite hostname="LAPTOP-1P1UG6MK" failures="0" tests="1" name="com.test.testrunner.BaseRunner" time="23.694" errors="0" timestamp="7 Mar 2022 07:43:34 GMT">
  <testcase classname="com.test.testrunner.BaseRunner" name="runScenario" time="23.694"/>
</testsuite> <!-- com.test.testrunner.BaseRunner -->
